5 16792
4 8475
4 1473
4 8473
4 4532
3 479
5 16752
4 4532
3 652
5 18463
4 8532
3 175
5 17532
4 1467
5 18652
6 167532
4 1462
4 1462
5 69532
6 184532
3 452
4 4752
5 18493
4 4752
4 1863
3 132
4 1462
4 1632
5 18467
4 6932
3 453
4 1462
3 732
4 4673
4 4653
4 1879
5 18792
4 8495
6 146953
5 16752
4 4753
3 183
4 1465
4 1532
4 1465
4 1845
3 653
5 18469
5 18453
5 84695
5 14953
3 793
3 145
3 693
5 14693
5 84652
5 84652
4 1875
5 16793
4 9532
3 167
4 6752
4 1463
3 146
4 1465
4 4673
5 14692
5 18493
4 6953
3 147
5 47932
4 8793
4 1465
5 46753
3 673
4 8752
5 69532
4 7532
5 14932
4 1632
4 6732
4 6753
5 86952
4 1693
6 184952
5 14679
5 87952
4 4732
4 4632
4 1473
4 1432
6 167532
3 679
4 1673
4 8479
4 4632
4 1895
3 752
3 172
4 1842
3 184
3 795
4 1653
5 16532
3 186
4 8462
5 17532
5 49532
4 8793
4 1692
5 14793
5 16932
4 1475
4 1753
3 173
5 84695
6 167532
5 18495
4 4793
4 1532
6 184532
4 4675
4 6532
4 6792
3 153
3 732
4 4653
3 179
5 47532
4 8469
3 465
3 132
4 1469
6 184952
4 4753
5 16732
5 18463
3 846
3 146
4 1845
4 1465
5 18672
5 16793
4 7532
5 46792
3 173
4 1493
4 1472
4 1532
3 469
4 1869
5 16792
5 46792
5 14952
4 8462
4 1732
5 86753
5 84632
4 8469
3 846
5 16795
5 84693
3 169
5 14632
5 14673
4 1652
4 1865
5 46753
4 8692
4 1652
5 16753
3 432
3 183
5 18463
3 867
4 1732
5 16953
4 6752
3 132
4 6953
4 4693
3 165
4 1479
4 1695
5 16732
3 147
4 1875
4 1493
4 8432
4 1893
3 175
4 1465
4 1652
3 143
4 4532
4 1845
3 846
5 86793
3 149
5 84692
4 6752
4 1432
5 17952
5 86752
4 8475
5 18475
4 1795
4 1479
2 32
4 1847
3 469
3 165
3 452
3 146
5 18795
4 1493
5 18452
4 4792
4 4653
5 47952
4 1465
4 1532
4 1492
3 493
5 84653
5 14953
4 8732
6 147532
4 8693
4 4752
4 4672
3 146
3 146
3 953
4 6793
4 8453
4 1853
5 86952
3 167
3 843
3 432
4 1732
4 1652
5 84752
3 145
5 84752
3 652
4 9532
4 1453
3 184
4 1453
4 1493
4 8465
3 463
4 8473
3 146
4 8462
4 4632
3 146
4 4752
7 1847953
3 146
3 832
4 4653
5 18452
2 13
4 1675
5 14795
4 4672
4 4695
5 84653
4 8792
5 46793
2 16
3 479
5 18469
5 84953
5 14653
4 1843
4 1679
4 1672
4 8462
3 146
4 1432
3 143
3 153
4 1452
4 1469
4 1465
4 1465
3 184
4 8752
4 8467
4 4752
3 653
4 1675
4 8463
4 1849
5 49532
5 79532
5 18492
4 9532
4 1465
4 4792
3 653
4 4532
5 86952
4 1467
5 46795
3 465
4 8453
3 184
3 532
3 863
4 8462
6 467952
3 752
3 169
5 18952
3 184
4 8467
4 1653
2 17
4 8753
6 146753
4 1475
3 149
5 14692
4 8495
4 6752
4 1679
4 4793
4 1472
4 1846
3 753
4 8679
3 146
3 146
4 1473
3 463
3 453
3 132
4 9532
4 1849
3 189
4 1732
4 1853
5 46752
4 8792
6 846932
6 146752
6 846532
3 163
4 1672
4 1492
4 1793
4 8732
5 16792
5 84693
4 4695
5 14532
3 532
5 84653
4 1463
4 8467
5 84675
4 4692
4 1842
5 46532
5 18462
3 146
4 1895
4 4795
3 145
4 1675
4 1846
6 846792
3 472
4 1863
4 8679
4 4953
3 692
3 179
5 84632
4 1452
3 432
4 8465
4 8432
4 1792
4 4673
4 4795
5 18732
4 6732
5 16795
6 867952
5 84753
3 173
4 4679
6 184675
4 8467
5 84695
6 846795
6 147932
5 46932
5 18462
3 172
4 1692
4 4673
4 1672
4 6532
3 145
4 8475
4 4753
4 1852
7 1847532
3 189
4 7952
4 8463
4 4673
3 865
3 149
3 152
5 18679
3 175
4 1473
3 845
5 87932
3 432
4 1793
3 184
4 8465
4 1872
5 46795
5 14675
3 165
3 652
4 4675
5 18479
4 1473
4 8692
4 6932
3 146
4 8465
4 8693
4 6793
4 1849
3 462
5 18672
4 1495
4 4932
4 1452
4 1847
4 6753
3 183
4 6532
5 84795
4 6753
4 1469
4 1732
5 19532
4 4795
4 4795
4 4932
3 146
4 1473
2 63
7 1467953
5 18693
4 6532
3 452
4 7932
5 14932
3 165
5 18453
4 6932
4 6932
4 7932
5 19532
4 7532
4 1473
3 842
4 7953
6 146532
3 142
5 16953
4 1873
4 4652
5 19532
5 16952
5 14675
5 67952
4 7953
6 167952
5 86753
4 1453
6 186532
4 1845
3 165
4 8473
5 14793
4 1653
3 495
5 14952
4 1843
4 8473
3 475
5 14732
4 1692
4 1653
4 1843
5 18675
5 84653
5 19532
4 1846
4 1469
3 652
5 86753
5 69532
5 49532
5 18475
4 4793
3 153
5 46732
3 465
3 753
6 467532
4 4632
4 8532
5 16732
4 6752
5 18675
4 1867
4 6952
3 453
4 1653
4 4652
4 1653
4 1846
4 1895
4 4752
3 165
3 163
4 4532
5 18532
4 4653
3 432
4 4672
4 7952
5 18452
3 175
3 472
5 16932
3 145
5 46752
3 175
5 46752
4 4795
4 8432
4 4793
4 1432
5 14793
3 146
4 1532
2 52
5 86952
4 1732
3 184
4 8463
4 1675
5 17953
5 84753
4 1495
4 6792
5 86532
4 8479
3 672
4 1672
4 8532
3 179
5 84753
5 84795
5 87952
4 1532
2 17
4 1462
5 14652
5 18672
6 186932
4 1847
3 186
5 17532
4 1869
5 87932
5 19532
5 18452
6 469532
3 147
4 1692
3 752
4 1732
4 1653
3 675
4 1469
4 1869
4 1673
4 6752
4 4675
4 1673
5 84695
3 132
5 86952
3 632
6 184672
4 1846
3 152
3 149
5 84652
4 1652
6 146952
4 1652
2 17
5 67532
3 146
5 14673
3 169
4 6532
5 84952
4 6732
3 165
5 17932
4 4652
3 169
3 847
5 86795
4 4652
4 1432
5 14652
3 163
5 46953
4 6932
4 6752
3 452
3 465
4 1465
6 146953
4 1732
4 8479
4 1432
5 86953
5 84692
5 84632
4 4653
4 1463
4 4695
5 46752
5 18753
3 145
4 1849
3 167
4 4752
4 1843
5 46732
3 732
4 1953
4 6732
3 184
5 46792
3 465
4 4672
4 4792
4 1847
5 86793
4 1953
4 1846
5 14679
4 6732
5 86932
6 146752
4 4675
3 173
5 18672
3 472
4 1847
3 186
4 4695
5 84653
4 6795
5 18493
4 8469
4 1952
5 14672
4 1532
3 186
4 1852
5 86532
5 18693
5 18479
3 532
4 1672
6 184672
3 465
3 795
6 146795
5 18652
4 1473
6 467952
4 1953
5 14672
4 1849
6 867953
4 1842
4 1932
4 4793
5 16532
4 4752
6 187953
3 152
3 832
4 1532
3 132
4 1493
4 8753
4 8693
5 86793
5 46792
5 14952
3 132
3 652
5 86795
4 6532
5 84793
4 1432
5 14672
3 432
4 4793
4 8632
3 132
3 145
4 1462
5 84932
5 18432
4 1753
3 183
4 1862
5 17953
4 6953
4 1632
3 952
4 8753
3 532
5 18492
4 4532
3 472
5 18675
3 185
4 1453
4 1465
4 4673
4 1652
5 14532
5 18462
4 8732
6 146752
4 1673
4 1479
3 167
4 1652
6 184753
3 169
4 1846
4 4792
4 7532
4 7953
3 146
6 146732
5 18467
4 1852
5 46932
4 1632
5 84653
5 67952
3 452
3 863
4 1847
4 1475
4 1842
6 184632
4 1452
4 1473
4 4653
5 16532
3 845
3 172
6 846732
5 67953
4 1853
4 1652
5 67532
4 1652
3 149
5 16792
4 1752
3 149
5 86753
4 1492
3 153
4 4752
5 46792
4 1675
5 47952
4 1452
4 4672
4 1832
3 865
6 679532
2 14
3 163
3 845
3 632
3 143
5 84953
3 172
5 16752
4 4695
5 86532
6 869532
3 862
5 17952
3 732
5 86953
3 732
4 6753
4 1465
3 932
3 149
5 18673
4 4672
3 673
2 16
4 1475
4 4692
5 18472
2 14
4 1846
4 4753
5 14672
4 1632
3 492
4 1849
4 4672
4 1845
3 145
4 8673
3 845
3 189
5 14932
6 167532
3 473
5 84652
4 1795
4 1849
4 4679
4 4795
6 186795
3 142
5 47953
3 165
7 1469532
5 14692
5 84795
4 1453
4 1849
5 46795
4 8673
3 452
4 1472
4 8475
4 1473
4 1469
3 465
4 6752
5 18432
3 163
3 143
4 4692
4 1792
5 18493
3 146
3 492
5 84753
6 186793
3 843
4 4652
3 145
4 1752
6 184653
3 465
5 18462
4 4673
4 4652
4 1462
4 6792
5 18493
4 1845
5 16952
4 1953
4 8672
4 1862
4 8475
4 1479
4 1692
5 86753
4 1493
4 1695
5 18792
3 845
4 6793
4 1495
4 1632
5 16792
5 18673
5 86952
4 4932
5 67952
4 7532
5 19532
3 452
2 17
5 16753
4 6732
3 162
5 86752
4 8532
4 1452
4 1532
4 4693
4 1469
3 473
3 184
4 1843
3 165
3 493
4 1632
4 1453
5 18463
4 8495
4 8465
4 1495
4 4693
4 9532
5 84632
3 184
4 4932
3 532
3 832
5 18732
6 184675
2 72
4 8473
3 173
3 473
4 1467
3 453
5 17932
4 4652
4 1847
4 1492
3 143
4 1679
3 473
5 14793
4 4732
7 1846932
4 1632
5 14673
5 14693
3 143
4 4652
4 1846
4 6753
4 8453
4 4675
4 4632
4 4632
3 675
4 6792
4 1472
4 1462
3 492
3 163
4 1473
3 732
5 18469
6 867932
5 18493
3 173
4 1469
5 14692
4 8479
5 18472
